Stream Type: 2, Frame Number: 79, Timestamp: 638815051598836867, Metadata Size: 16, Data Body Size: 640
Raw data Received: {"Event":"Ping","Code":6000}

event:Ping message:{}
Stream Type: 2, Frame Number: 81, Timestamp: 638815051602849131, Metadata Size: 16, Data Body Size: 640
Stream Type: 2, Frame Number: 82, Timestamp: 638815051604846254, Metadata Size: 16, Data Body Size: 640
Raw data Received: {"Event":"PredictionObject","Message":"{\"Id\":\"cb02f71b-82e3-47b8-9227-47fdc07956fb\",\"CameraId\":0,\"SegmentationId\":\"6354ac74\",\"StartTime\":638815051602849131,\"EndTime\":638815051602849131,\"StartLine\":79,\"EndLine\":80,\"Children\":[],\"Descriptors\":[3.0],\"Shape\":{\"Center\":[194,0],\"Border\":[[194,0],[195,0],[195,1],[194,1],[194,0]]}}","Code":4000}

Full PrdictionObject: {
  "Id": "cb02f71b-82e3-47b8-9227-47fdc07956fb",
  "CameraId": 0,
  "SegmentationId": "6354ac74",
  "StartTime": 638815051602849131,
  "EndTime": 638815051602849131,
  "StartLine": 79,
  "EndLine": 80,
  "Children": [],
  "Descriptors": [
    3.0
  ],
  "Shape": {
    "Center": [
      194,
      0
    ],
    "Border": [
      [
        194,
        0
      ],
      [
        195,
        0
      ],
      [
        195,
        1
      ],
      [
        194,
        1
      ],
      [
        194,
        0
      ]
    ]
  }
}
All Descriptors: [3.0]
start line:79 end line:80 start time:2025-04-29 15:32:40.284913+09:00 end time:2025-04-29 15:32:40.284913+09:00 classification:3.0 cameraId:0
Stream Type: 2, Frame Number: 83, Timestamp: 638815051606842873, Metadata Size: 16, Data Body Size: 640
Stream Type: 2, Frame Number: 84, Timestamp: 638815051608882145, Metadata Size: 16, Data Body Size: 640
Raw data Received: {"Event":"Ping","Code":6000}